Arguments: 
  /home/lanibon/.nvm/versions/node/v13.7.0/bin/node /usr/share/yarn/bin/yarn.js add expo-cli --global

PATH: 
  /home/lanibon/.rvm/gems/ruby-2.6.1/bin:/home/lanibon/.rvm/gems/ruby-2.6.1@global/bin:/home/lanibon/.rvm/rubies/ruby-2.6.1/bin:/home/lanibon/.nvm/versions/node/v13.7.0/bin:/usr/local/sbin:/usr/local/bin:/usr/sbin:/usr/bin:/sbin:/bin:/usr/games:/usr/local/games:/mnt/c/Python27/:/mnt/c/Python27/Scripts:/mnt/c/ProgramData/Oracle/Java/javapath:/mnt/c/Program Files (x86)/Intel/iCLS Client/:/mnt/c/Program Files/Intel/iCLS Client/:/mnt/c/Program Files (x86)/NVIDIA Corporation/PhysX/Common:/mnt/c/WINDOWS/system32:/mnt/c/WINDOWS:/mnt/c/WINDOWS/System32/Wbem:/mnt/c/WINDOWS/System32/WindowsPowerShell/v1.0/:/mnt/c/Program Files (x86)/Windows Kits/8.1/Windows Performance Toolkit/:/mnt/c/Program Files/Microsoft SQL Server/110/Tools/Binn/:/mnt/c/Program Files (x86)/Windows Kits/10/Windows Performance Toolkit/:/mnt/c/Program Files/Exiv2:/mnt/c/Program Files/Git/cmd:/mnt/c/WINDOWS/System32/OpenSSH/:/mnt/c/Program Files (x86)/Yarn/bin/:/mnt/c/Program Files/nodejs/:/mnt/c/ProgramData/chocolatey/bin:/mnt/c/Ruby25-x64/bin:/mnt/c/Users/Lan/AppData/Local/Microsoft/WindowsApps:/mnt/c/Users/Lan/AppData/Local/Programs/Microsoft VS Code/bin:/mnt/c/Users/Lan/AppData/Local/Yarn/bin:/mnt/c/Users/Lan/AppData/Roaming/npm:/mnt/c/Program Files/heroku/bin:/snap/bin:/home/lanibon/.rvm/bin:/home/lanibon/.rvm/bin:/home/lanibon/.rvm/bin

Yarn version: 
  1.19.2

Node version: 
  13.7.0

Platform: 
  linux x64

Trace: 
  Error: getaddrinfo EAI_AGAIN registry.yarnpkg.com
      at GetAddrInfoReqWrap.onlookup [as oncomplete] (dns.js:64:26)

npm manifest: 
  {
    "main": "node_modules/expo/AppEntry.js",
    "scripts": {
      "start": "expo start",
      "android": "expo start --android",
      "ios": "expo start --ios",
      "web": "expo start --web",
      "eject": "expo eject"
    },
    "dependencies": {
      "@react-native-community/masked-view": "^0.1.10",
      "expo": "~40.0.0",
      "expo-status-bar": "~1.0.3",
      "react": "16.13.1",
      "react-dom": "16.13.1",
      "react-native": "https://github.com/expo/react-native/archive/sdk-40.0.1.tar.gz",
      "react-native-gesture-handler": "~1.8.0",
      "react-native-reanimated": "~1.13.0",
      "react-native-safe-area-context": "^3.1.9",
      "react-native-screens": "~2.15.0",
      "react-native-web": "~0.13.12",
      "react-navigation": "^4.4.3",
      "react-navigation-stack": "^2.10.2"
    },
    "devDependencies": {
      "@babel/core": "~7.9.0"
    },
    "private": true
  }

yarn manifest: 
  No manifest

Lockfile: 
  No lockfile
